Using pre-set license
Built from '2020.3/staging' branch; Version is '2020.3.14f1 (d0d1bb862f9d) revision 13685179'; Using compiler version '192528614'; Build Type 'Release'
OS: 'Windows 10 Home; OS build 18363.1256; Version 1909; 64bit' Language: 'en' Physical Memory: 16319 MB
BatchMode: 1, IsHumanControllingUs: 0, StartBugReporterOnCrash: 0, Is64bit: 1, IsPro: 0

 COMMAND LINE ARGUMENTS:
E:\Program Files\Unity\2020.3.14f1\Editor\Unity.exe
-adb2
-batchMode
-noUpm
-name
AssetImportWorker0
-projectPath
E:/Repozytorium/My project
-logFile
Logs/AssetImportWorker0.log
-srvPort
61163
Successfully changed project path to: E:/Repozytorium/My project
E:/Repozytorium/My project
Using Asset Import Pipeline V2.
Refreshing native plugins compatible for Editor in 34.79 ms, found 2 plugins.
Preloading 0 native plugins for Editor in 0.00 ms.
Initialize engine version: 2020.3.14f1 (d0d1bb862f9d)
[Subsystems] Discovering subsystems at path E:/Program Files/Unity/2020.3.14f1/Editor/Data/Resources/UnitySubsystems
[Subsystems] Discovering subsystems at path E:/Repozytorium/My project/Assets
GfxDevice: creating device client; threaded=0
Direct3D:
    Version:  Direct3D 11.0 [level 11.1]
    Renderer: NVIDIA GeForce GTX 1660 (ID=0x2184)
    Vendor:   
    VRAM:     5991 MB
    Driver:   27.21.14.6109
Initialize mono
Mono path[0] = 'E:/Program Files/Unity/2020.3.14f1/Editor/Data/Managed'
Mono path[1] = 'E:/Program Files/Unity/2020.3.14f1/Editor/Data/MonoBleedingEdge/lib/mono/unityjit'
Mono config path = 'E:/Program Files/Unity/2020.3.14f1/Editor/Data/MonoBleedingEdge/etc'
Using monoOptions --debugger-agent=transport=dt_socket,embedding=1,server=y,suspend=n,address=127.0.0.1:56840
Begin MonoManager ReloadAssembly
Registering precompiled unity dll's ...
Register platform support module: E:/Program Files/Unity/2020.3.14f1/Editor/Data/PlaybackEngines/WindowsStandaloneSupport/UnityEditor.WindowsStandalone.Extensions.dll
Registered in 0.001343 seconds.
Native extension for WindowsStandalone target not found
Refreshing native plugins compatible for Editor in 33.58 ms, found 2 plugins.
Preloading 0 native plugins for Editor in 0.00 ms.
Mono: successfully reloaded assembly
- Completed reload, in  3.070 seconds
Domain Reload Profiling:
	ReloadAssembly (3070ms)
		BeginReloadAssembly (67ms)
			ExecutionOrderSort (0ms)
			DisableScriptedObjects (0ms)
			BackupInstance (0ms)
			ReleaseScriptingObjects (0ms)
			CreateAndSetChildDomain (1ms)
		EndReloadAssembly (425ms)
			LoadAssemblies (65ms)
			RebuildTransferFunctionScriptingTraits (0ms)
			SetupTypeCache (155ms)
			ReleaseScriptCaches (0ms)
			RebuildScriptCaches (32ms)
			SetupLoadedEditorAssemblies (166ms)
				LogAssemblyErrors (0ms)
				InitializePlatformSupportModulesInManaged (4ms)
				SetLoadedEditorAssemblies (0ms)
				RefreshPlugins (34ms)
				BeforeProcessingInitializeOnLoad (16ms)
				ProcessInitializeOnLoadAttributes (82ms)
				ProcessInitializeOnLoadMethodAttributes (29ms)
				AfterProcessingInitializeOnLoad (0ms)
				EditorAssembliesLoaded (0ms)
			ExecutionOrderSort2 (0ms)
			AwakeInstancesAfterBackupRestoration (0ms)
Platform modules already initialized, skipping
Registering precompiled user dll's ...
Registered in 0.004389 seconds.
Begin MonoManager ReloadAssembly
Native extension for WindowsStandalone target not found
Refreshing native plugins compatible for Editor in 0.36 ms, found 2 plugins.
Preloading 0 native plugins for Editor in 0.00 ms.
Mono: successfully reloaded assembly
- Completed reload, in  1.234 seconds
Domain Reload Profiling:
	ReloadAssembly (1235ms)
		BeginReloadAssembly (169ms)
			ExecutionOrderSort (0ms)
			DisableScriptedObjects (5ms)
			BackupInstance (0ms)
			ReleaseScriptingObjects (0ms)
			CreateAndSetChildDomain (20ms)
		EndReloadAssembly (1006ms)
			LoadAssemblies (114ms)
			RebuildTransferFunctionScriptingTraits (0ms)
			SetupTypeCache (302ms)
			ReleaseScriptCaches (1ms)
			RebuildScriptCaches (45ms)
			SetupLoadedEditorAssemblies (454ms)
				LogAssemblyErrors (0ms)
				InitializePlatformSupportModulesInManaged (5ms)
				SetLoadedEditorAssemblies (0ms)
				RefreshPlugins (0ms)
				BeforeProcessingInitializeOnLoad (102ms)
				ProcessInitializeOnLoadAttributes (337ms)
				ProcessInitializeOnLoadMethodAttributes (6ms)
				AfterProcessingInitializeOnLoad (3ms)
				EditorAssembliesLoaded (0ms)
			ExecutionOrderSort2 (0ms)
			AwakeInstancesAfterBackupRestoration (6ms)
Platform modules already initialized, skipping
========================================================================
Worker process is ready to serve import requests
Launched and connected shader compiler UnityShaderCompiler.exe after 0.05 seconds
Refreshing native plugins compatible for Editor in 0.36 ms, found 2 plugins.
Preloading 0 native plugins for Editor in 0.00 ms.
Unloading 1814 Unused Serialized files (Serialized files now loaded: 0)
System memory in use before: 83.0 MB.
System memory in use after: 83.1 MB.

Unloading 77 unused Assets to reduce memory usage. Loaded Objects now: 2245.
Total: 2.519800 ms (FindLiveObjects: 0.166000 ms CreateObjectMapping: 0.064500 ms MarkObjects: 2.131300 ms  DeleteObjects: 0.157200 ms)

AssetImportParameters requested are different than current active one (requested -> active):
  custom:framework-win-MediaFoundation: 216162199b28c13a410421893ffa2e32 -> 
  custom:video-decoder-ogg-theora: a1e56fd34408186e4bbccfd4996cb3dc -> 
  custom:container-muxer-webm: aa71ff27fc2769a1b78a27578f13a17b -> 
  custom:container-demuxer-webm: 4f35f7cbe854078d1ac9338744f61a02 -> 
  custom:container-demuxer-ogg: 62fdf1f143b41e24485cea50d1cbac27 -> 
  custom:video-encoder-webm-vp8: eb34c28f22e8b96e1ab97ce403110664 -> 
  custom:video-decoder-webm-vp8: 9c59270c3fd7afecdb556c50c9e8de78 -> 
  custom:audio-decoder-ogg-vorbis: bf7c407c2cedff20999df2af8eb42d56 -> 
  custom:audio-encoder-webm-vorbis: bf7c407c2cedff20999df2af8eb42d56 -> 
========================================================================
Received Import Request.
  path: Assets/Materials/Blood.mat
  artifactKey: Guid(a691877c06227e4488d6a83154525228) Importer(815301076,1909f56bfc062723c751e8b465ee728b)
Start importing Assets/Materials/Blood.mat using Guid(a691877c06227e4488d6a83154525228) Importer(815301076,1909f56bfc062723c751e8b465ee728b)  -> (artifact id: 'bc7ee7770c6dc3e4f1f41e6d7e8d9e6a') in 0.108868 seconds 
  Import took 0.111503 seconds .

========================================================================
Received Import Request.
  Time since last request: 99.520313 seconds.
  path: Assets/Materials/Blood.mat
  artifactKey: Guid(a691877c06227e4488d6a83154525228) Importer(815301076,1909f56bfc062723c751e8b465ee728b)
Start importing Assets/Materials/Blood.mat using Guid(a691877c06227e4488d6a83154525228) Importer(815301076,1909f56bfc062723c751e8b465ee728b)  -> (artifact id: 'a92c3f93584848d8a130f4e34b8a0959') in 0.018632 seconds 
  Import took 0.022249 seconds .

========================================================================
Received Import Request.
  Time since last request: 6397.411590 seconds.
  path: Assets/Materials/Stamina.mat
  artifactKey: Guid(9e3dfac4d8b7bbd4a8745df49409462c) Importer(815301076,1909f56bfc062723c751e8b465ee728b)
Start importing Assets/Materials/Stamina.mat using Guid(9e3dfac4d8b7bbd4a8745df49409462c) Importer(815301076,1909f56bfc062723c751e8b465ee728b)  -> (artifact id: 'b8fa33c3b2c071b2930e5b985d962840') in 0.024677 seconds 
  Import took 0.031997 seconds .

========================================================================
Received Import Request.
  Time since last request: 642.424697 seconds.
  path: Assets/Materials/Stamina.mat
  artifactKey: Guid(9e3dfac4d8b7bbd4a8745df49409462c) Importer(815301076,1909f56bfc062723c751e8b465ee728b)
Start importing Assets/Materials/Stamina.mat using Guid(9e3dfac4d8b7bbd4a8745df49409462c) Importer(815301076,1909f56bfc062723c751e8b465ee728b)  -> (artifact id: 'f74c6cc11d4ac708b4bbaf52dabe2870') in 0.026528 seconds 
  Import took 0.029983 seconds .

========================================================================
Received Import Request.
  Time since last request: 151.230781 seconds.
  path: Assets/Materials/Mana.mat
  artifactKey: Guid(e5ccc022c5dbe87429baa3b9298f5e53) Importer(815301076,1909f56bfc062723c751e8b465ee728b)
Start importing Assets/Materials/Mana.mat using Guid(e5ccc022c5dbe87429baa3b9298f5e53) Importer(815301076,1909f56bfc062723c751e8b465ee728b)  -> (artifact id: '546b56c59f5f9900d2c87384b602c47a') in 0.035488 seconds 
  Import took 0.039011 seconds .

========================================================================
Received Import Request.
  Time since last request: 118.697088 seconds.
  path: Assets/Materials/Mana.mat
  artifactKey: Guid(e5ccc022c5dbe87429baa3b9298f5e53) Importer(815301076,1909f56bfc062723c751e8b465ee728b)
Start importing Assets/Materials/Mana.mat using Guid(e5ccc022c5dbe87429baa3b9298f5e53) Importer(815301076,1909f56bfc062723c751e8b465ee728b)  -> (artifact id: '7f063abdb4420bba4a813020b759f676') in 0.014801 seconds 
  Import took 0.018276 seconds .

========================================================================
Received Import Request.
  Time since last request: 1837.809765 seconds.
  path: Assets/Materials/BG.mat
  artifactKey: Guid(ff90c0be06da0464ab9154f68572e996) Importer(815301076,1909f56bfc062723c751e8b465ee728b)
Start importing Assets/Materials/BG.mat using Guid(ff90c0be06da0464ab9154f68572e996) Importer(815301076,1909f56bfc062723c751e8b465ee728b)  -> (artifact id: '44de35975c2d916f8088ca1ce0ee516b') in 0.027852 seconds 
  Import took 0.031699 seconds .

========================================================================
Received Import Request.
  Time since last request: 87.064755 seconds.
  path: Assets/Materials/BG.mat
  artifactKey: Guid(ff90c0be06da0464ab9154f68572e996) Importer(815301076,1909f56bfc062723c751e8b465ee728b)
Start importing Assets/Materials/BG.mat using Guid(ff90c0be06da0464ab9154f68572e996) Importer(815301076,1909f56bfc062723c751e8b465ee728b)  -> (artifact id: '36878d0b3e293a75de03ee86453a10cf') in 0.015492 seconds 
  Import took 0.018918 seconds .

========================================================================
Received Import Request.
  Time since last request: 601.500649 seconds.
  path: Assets/Materials/BG.mat
  artifactKey: Guid(ff90c0be06da0464ab9154f68572e996) Importer(815301076,1909f56bfc062723c751e8b465ee728b)
Start importing Assets/Materials/BG.mat using Guid(ff90c0be06da0464ab9154f68572e996) Importer(815301076,1909f56bfc062723c751e8b465ee728b)  -> (artifact id: '6b77f6f0b584cf56fd90d0373c53b32a') in 0.019395 seconds 
  Import took 0.022880 seconds .

